{"D:\\Jobs\\modsen\\internship\\first-test-task-2\\currency-tracker\\src\\assets\\images\\australianDollar.svg": {"path":"D:\\Jobs\\modsen\\internship\\first-test-task-2\\currency-tracker\\src\\assets\\images\\australianDollar.svg","statementMap":{"0":{"start":{"line":2,"column":14},"end":{"line":2,"column":30}},"1":{"start":{"line":4,"column":2},"end":{"line":7,"column":4}},"2":{"start":{"line":9,"column":0},"end":{"line":9,"column":37}}},"fnMap":{"0":{"name":"SvgAustralianDollar","decl":{"start":{"line":3,"column":9},"end":{"line":3,"column":28}},"loc":{"start":{"line":3,"column":36},"end":{"line":8,"column":1}},"line":3}},"branchMap":{},"s":{"0":2,"1":4,"2":2},"f":{"0":4},"b":{},"_coverageSchema":"1a1c01bbd47fc00a2c39e90264f33305004495a9","hash":"df8692e9728cde122c8341df143f69708a5bbbc2"}
,"D:\\Jobs\\modsen\\internship\\first-test-task-2\\currency-tracker\\src\\assets\\images\\bitcoin.svg": {"path":"D:\\Jobs\\modsen\\internship\\first-test-task-2\\currency-tracker\\src\\assets\\images\\bitcoin.svg","statementMap":{"0":{"start":{"line":2,"column":14},"end":{"line":2,"column":30}},"1":{"start":{"line":4,"column":2},"end":{"line":7,"column":4}},"2":{"start":{"line":9,"column":0},"end":{"line":9,"column":28}}},"fnMap":{"0":{"name":"SvgBitcoin","decl":{"start":{"line":3,"column":9},"end":{"line":3,"column":19}},"loc":{"start":{"line":3,"column":27},"end":{"line":8,"column":1}},"line":3}},"branchMap":{},"s":{"0":2,"1":1,"2":2},"f":{"0":1},"b":{},"_coverageSchema":"1a1c01bbd47fc00a2c39e90264f33305004495a9","hash":"7e389658abc6aeeac2f69602cb9e5d905b7b4e6f"}
,"D:\\Jobs\\modsen\\internship\\first-test-task-2\\currency-tracker\\src\\assets\\images\\canadianDollar.svg": {"path":"D:\\Jobs\\modsen\\internship\\first-test-task-2\\currency-tracker\\src\\assets\\images\\canadianDollar.svg","statementMap":{"0":{"start":{"line":2,"column":14},"end":{"line":2,"column":30}},"1":{"start":{"line":4,"column":2},"end":{"line":7,"column":4}},"2":{"start":{"line":9,"column":0},"end":{"line":9,"column":35}}},"fnMap":{"0":{"name":"SvgCanadianDollar","decl":{"start":{"line":3,"column":9},"end":{"line":3,"column":26}},"loc":{"start":{"line":3,"column":34},"end":{"line":8,"column":1}},"line":3}},"branchMap":{},"s":{"0":2,"1":1,"2":2},"f":{"0":1},"b":{},"_coverageSchema":"1a1c01bbd47fc00a2c39e90264f33305004495a9","hash":"ec1176a5fbad13e4e0507511c41f8021a08a2415"}
,"D:\\Jobs\\modsen\\internship\\first-test-task-2\\currency-tracker\\src\\assets\\images\\dollar.svg": {"path":"D:\\Jobs\\modsen\\internship\\first-test-task-2\\currency-tracker\\src\\assets\\images\\dollar.svg","statementMap":{"0":{"start":{"line":2,"column":14},"end":{"line":2,"column":30}},"1":{"start":{"line":4,"column":2},"end":{"line":7,"column":4}},"2":{"start":{"line":9,"column":0},"end":{"line":9,"column":27}}},"fnMap":{"0":{"name":"SvgDollar","decl":{"start":{"line":3,"column":9},"end":{"line":3,"column":18}},"loc":{"start":{"line":3,"column":26},"end":{"line":8,"column":1}},"line":3}},"branchMap":{},"s":{"0":2,"1":1,"2":2},"f":{"0":1},"b":{},"_coverageSchema":"1a1c01bbd47fc00a2c39e90264f33305004495a9","hash":"f74196e5f9f42753f7c723dac2031525421c60d7"}
,"D:\\Jobs\\modsen\\internship\\first-test-task-2\\currency-tracker\\src\\assets\\images\\euro.svg": {"path":"D:\\Jobs\\modsen\\internship\\first-test-task-2\\currency-tracker\\src\\assets\\images\\euro.svg","statementMap":{"0":{"start":{"line":2,"column":14},"end":{"line":2,"column":30}},"1":{"start":{"line":4,"column":2},"end":{"line":7,"column":4}},"2":{"start":{"line":9,"column":0},"end":{"line":9,"column":25}}},"fnMap":{"0":{"name":"SvgEuro","decl":{"start":{"line":3,"column":9},"end":{"line":3,"column":16}},"loc":{"start":{"line":3,"column":24},"end":{"line":8,"column":1}},"line":3}},"branchMap":{},"s":{"0":2,"1":1,"2":2},"f":{"0":1},"b":{},"_coverageSchema":"1a1c01bbd47fc00a2c39e90264f33305004495a9","hash":"0ed7021a35ac9dce4080a172836d93f92791ecd4"}
,"D:\\Jobs\\modsen\\internship\\first-test-task-2\\currency-tracker\\src\\assets\\images\\libra.svg": {"path":"D:\\Jobs\\modsen\\internship\\first-test-task-2\\currency-tracker\\src\\assets\\images\\libra.svg","statementMap":{"0":{"start":{"line":2,"column":14},"end":{"line":2,"column":30}},"1":{"start":{"line":4,"column":2},"end":{"line":7,"column":4}},"2":{"start":{"line":9,"column":0},"end":{"line":9,"column":26}}},"fnMap":{"0":{"name":"SvgLibra","decl":{"start":{"line":3,"column":9},"end":{"line":3,"column":17}},"loc":{"start":{"line":3,"column":25},"end":{"line":8,"column":1}},"line":3}},"branchMap":{},"s":{"0":2,"1":1,"2":2},"f":{"0":1},"b":{},"_coverageSchema":"1a1c01bbd47fc00a2c39e90264f33305004495a9","hash":"1f885ff8686aeddd99b52f5eb4dceef4ba465103"}
,"D:\\Jobs\\modsen\\internship\\first-test-task-2\\currency-tracker\\src\\assets\\images\\pesoArgentino.svg": {"path":"D:\\Jobs\\modsen\\internship\\first-test-task-2\\currency-tracker\\src\\assets\\images\\pesoArgentino.svg","statementMap":{"0":{"start":{"line":2,"column":14},"end":{"line":2,"column":30}},"1":{"start":{"line":4,"column":2},"end":{"line":7,"column":4}},"2":{"start":{"line":9,"column":0},"end":{"line":9,"column":34}}},"fnMap":{"0":{"name":"SvgPesoArgentino","decl":{"start":{"line":3,"column":9},"end":{"line":3,"column":25}},"loc":{"start":{"line":3,"column":33},"end":{"line":8,"column":1}},"line":3}},"branchMap":{},"s":{"0":2,"1":1,"2":2},"f":{"0":1},"b":{},"_coverageSchema":"1a1c01bbd47fc00a2c39e90264f33305004495a9","hash":"c5b6718bbd828fe90902419e3784b0b19d61ab4e"}
,"D:\\Jobs\\modsen\\internship\\first-test-task-2\\currency-tracker\\src\\assets\\images\\won.svg": {"path":"D:\\Jobs\\modsen\\internship\\first-test-task-2\\currency-tracker\\src\\assets\\images\\won.svg","statementMap":{"0":{"start":{"line":2,"column":14},"end":{"line":2,"column":30}},"1":{"start":{"line":4,"column":2},"end":{"line":7,"column":4}},"2":{"start":{"line":9,"column":0},"end":{"line":9,"column":24}}},"fnMap":{"0":{"name":"SvgWon","decl":{"start":{"line":3,"column":9},"end":{"line":3,"column":15}},"loc":{"start":{"line":3,"column":23},"end":{"line":8,"column":1}},"line":3}},"branchMap":{},"s":{"0":2,"1":1,"2":2},"f":{"0":1},"b":{},"_coverageSchema":"1a1c01bbd47fc00a2c39e90264f33305004495a9","hash":"eda8624e1d9c2d93077dd65d00e77edf3838d468"}
,"D:\\Jobs\\modsen\\internship\\first-test-task-2\\currency-tracker\\src\\assets\\images\\yen.svg": {"path":"D:\\Jobs\\modsen\\internship\\first-test-task-2\\currency-tracker\\src\\assets\\images\\yen.svg","statementMap":{"0":{"start":{"line":2,"column":14},"end":{"line":2,"column":30}},"1":{"start":{"line":4,"column":2},"end":{"line":7,"column":4}},"2":{"start":{"line":9,"column":0},"end":{"line":9,"column":24}}},"fnMap":{"0":{"name":"SvgYen","decl":{"start":{"line":3,"column":9},"end":{"line":3,"column":15}},"loc":{"start":{"line":3,"column":23},"end":{"line":8,"column":1}},"line":3}},"branchMap":{},"s":{"0":2,"1":1,"2":2},"f":{"0":1},"b":{},"_coverageSchema":"1a1c01bbd47fc00a2c39e90264f33305004495a9","hash":"beb51a6462e4f83099f3ef1dbb6586a4883ca6c5"}
,"D:\\Jobs\\modsen\\internship\\first-test-task-2\\currency-tracker\\src\\components\\Core\\ConversionResult\\ConversionResult.config.js": {"path":"D:\\Jobs\\modsen\\internship\\first-test-task-2\\currency-tracker\\src\\components\\Core\\ConversionResult\\ConversionResult.config.js","statementMap":{"0":{"start":{"line":2,"column":2},"end":{"line":2,"column":75}}},"fnMap":{},"branchMap":{},"s":{"0":4},"f":{},"b":{},"_coverageSchema":"1a1c01bbd47fc00a2c39e90264f33305004495a9","hash":"48c46a85acc0abb969bfac057ff24834fd3b0966"}
,"D:\\Jobs\\modsen\\internship\\first-test-task-2\\currency-tracker\\src\\components\\Core\\ConversionResult\\ConversionResult.jsx": {"path":"D:\\Jobs\\modsen\\internship\\first-test-task-2\\currency-tracker\\src\\components\\Core\\ConversionResult\\ConversionResult.jsx","statementMap":{"0":{"start":{"line":5,"column":2},"end":{"line":7,"column":3}},"1":{"start":{"line":6,"column":4},"end":{"line":6,"column":34}},"2":{"start":{"line":8,"column":2},"end":{"line":12,"column":3}}},"fnMap":{"0":{"name":"ConversionResult","decl":{"start":{"line":4,"column":9},"end":{"line":4,"column":25}},"loc":{"start":{"line":4,"column":48},"end":{"line":13,"column":1}},"line":4}},"branchMap":{"0":{"loc":{"start":{"line":5,"column":2},"end":{"line":7,"column":3}},"type":"if","locations":[{"start":{"line":5,"column":2},"end":{"line":7,"column":3}},{"start":{},"end":{}}],"line":5},"1":{"loc":{"start":{"line":10,"column":7},"end":{"line":10,"column":68}},"type":"cond-expr","locations":[{"start":{"line":10,"column":22},"end":{"line":10,"column":23}},{"start":{"line":10,"column":26},"end":{"line":10,"column":68}}],"line":10},"2":{"loc":{"start":{"line":10,"column":41},"end":{"line":10,"column":67}},"type":"cond-expr","locations":[{"start":{"line":10,"column":62},"end":{"line":10,"column":63}},{"start":{"line":10,"column":66},"end":{"line":10,"column":67}}],"line":10}},"s":{"0":15,"1":0,"2":15},"f":{"0":15},"b":{"0":[0,15],"1":[11,4],"2":[0,4]},"_coverageSchema":"1a1c01bbd47fc00a2c39e90264f33305004495a9","hash":"77a09d56c1d217b39e98f1352fd4e2e4af5f9dcc"}
,"D:\\Jobs\\modsen\\internship\\first-test-task-2\\currency-tracker\\src\\components\\Core\\Cross\\Cross.jsx": {"path":"D:\\Jobs\\modsen\\internship\\first-test-task-2\\currency-tracker\\src\\components\\Core\\Cross\\Cross.jsx","statementMap":{"0":{"start":{"line":4,"column":27},"end":{"line":4,"column":32}},"1":{"start":{"line":5,"column":2},"end":{"line":10,"column":3}}},"fnMap":{"0":{"name":"Cross","decl":{"start":{"line":3,"column":9},"end":{"line":3,"column":14}},"loc":{"start":{"line":3,"column":22},"end":{"line":11,"column":1}},"line":3}},"branchMap":{},"s":{"0":9,"1":9},"f":{"0":9},"b":{},"_coverageSchema":"1a1c01bbd47fc00a2c39e90264f33305004495a9","hash":"c92718f80d3a0340b5f22e3e6100bbdccf8295dd"}
,"D:\\Jobs\\modsen\\internship\\first-test-task-2\\currency-tracker\\src\\components\\Core\\ErrorBoundary\\ErrorBoundary.jsx": {"path":"D:\\Jobs\\modsen\\internship\\first-test-task-2\\currency-tracker\\src\\components\\Core\\ErrorBoundary\\ErrorBoundary.jsx","statementMap":{"0":{"start":{"line":7,"column":4},"end":{"line":7,"column":16}},"1":{"start":{"line":8,"column":4},"end":{"line":8,"column":49}},"2":{"start":{"line":12,"column":4},"end":{"line":12,"column":53}},"3":{"start":{"line":15,"column":15},"end":{"line":17,"column":3}},"4":{"start":{"line":16,"column":4},"end":{"line":16,"column":38}},"5":{"start":{"line":20,"column":25},"end":{"line":20,"column":35}},"6":{"start":{"line":21,"column":34},"end":{"line":21,"column":44}},"7":{"start":{"line":22,"column":4},"end":{"line":24,"column":5}},"8":{"start":{"line":23,"column":6},"end":{"line":23,"column":28}},"9":{"start":{"line":25,"column":4},"end":{"line":25,"column":75}}},"fnMap":{"0":{"name":"(anonymous_0)","decl":{"start":{"line":6,"column":2},"end":{"line":6,"column":3}},"loc":{"start":{"line":6,"column":21},"end":{"line":9,"column":3}},"line":6},"1":{"name":"(anonymous_1)","decl":{"start":{"line":11,"column":2},"end":{"line":11,"column":3}},"loc":{"start":{"line":11,"column":41},"end":{"line":13,"column":3}},"line":11},"2":{"name":"(anonymous_2)","decl":{"start":{"line":15,"column":15},"end":{"line":15,"column":16}},"loc":{"start":{"line":15,"column":21},"end":{"line":17,"column":3}},"line":15},"3":{"name":"(anonymous_3)","decl":{"start":{"line":19,"column":2},"end":{"line":19,"column":3}},"loc":{"start":{"line":19,"column":11},"end":{"line":26,"column":3}},"line":19}},"branchMap":{"0":{"loc":{"start":{"line":22,"column":4},"end":{"line":24,"column":5}},"type":"if","locations":[{"start":{"line":22,"column":4},"end":{"line":24,"column":5}},{"start":{},"end":{}}],"line":22}},"s":{"0":7,"1":7,"2":0,"3":7,"4":0,"5":13,"6":13,"7":13,"8":13,"9":0},"f":{"0":7,"1":0,"2":0,"3":13},"b":{"0":[13,0]},"_coverageSchema":"1a1c01bbd47fc00a2c39e90264f33305004495a9","hash":"091dba1abfb9b62a03db5c682d3e9f2f78bfbf52"}
,"D:\\Jobs\\modsen\\internship\\first-test-task-2\\currency-tracker\\src\\components\\Core\\ErrorFallback\\ErrorFallback.jsx": {"path":"D:\\Jobs\\modsen\\internship\\first-test-task-2\\currency-tracker\\src\\components\\Core\\ErrorFallback\\ErrorFallback.jsx","statementMap":{"0":{"start":{"line":4,"column":2},"end":{"line":14,"column":3}}},"fnMap":{"0":{"name":"ErrorFallback","decl":{"start":{"line":3,"column":9},"end":{"line":3,"column":22}},"loc":{"start":{"line":3,"column":48},"end":{"line":15,"column":1}},"line":3}},"branchMap":{"0":{"loc":{"start":{"line":7,"column":7},"end":{"line":12,"column":7}},"type":"binary-expr","locations":[{"start":{"line":7,"column":7},"end":{"line":8,"column":81}},{"start":{"line":9,"column":8},"end":{"line":11,"column":17}}],"line":7}},"s":{"0":4},"f":{"0":4},"b":{"0":[4,2]},"_coverageSchema":"1a1c01bbd47fc00a2c39e90264f33305004495a9","hash":"a6d7352cbbd073ea13bf9db97c181a791dec38a0"}
,"D:\\Jobs\\modsen\\internship\\first-test-task-2\\currency-tracker\\src\\components\\Home\\CurrencyCard\\CurrencyCard.jsx": {"path":"D:\\Jobs\\modsen\\internship\\first-test-task-2\\currency-tracker\\src\\components\\Home\\CurrencyCard\\CurrencyCard.jsx","statementMap":{"0":{"start":{"line":7,"column":21},"end":{"line":24,"column":2}},"1":{"start":{"line":8,"column":52},"end":{"line":8,"column":57}},"2":{"start":{"line":9,"column":22},"end":{"line":12,"column":3}},"3":{"start":{"line":10,"column":4},"end":{"line":10,"column":17}},"4":{"start":{"line":11,"column":4},"end":{"line":11,"column":50}},"5":{"start":{"line":13,"column":2},"end":{"line":23,"column":3}}},"fnMap":{"0":{"name":"(anonymous_0)","decl":{"start":{"line":7,"column":26},"end":{"line":7,"column":27}},"loc":{"start":{"line":7,"column":37},"end":{"line":24,"column":1}},"line":7},"1":{"name":"(anonymous_1)","decl":{"start":{"line":9,"column":22},"end":{"line":9,"column":23}},"loc":{"start":{"line":9,"column":28},"end":{"line":12,"column":3}},"line":9}},"branchMap":{},"s":{"0":2,"1":12,"2":12,"3":1,"4":1,"5":12},"f":{"0":12,"1":1},"b":{},"_coverageSchema":"1a1c01bbd47fc00a2c39e90264f33305004495a9","hash":"c523d9c2d8d600ee13ec164f4845e5ea4eae7b29"}
,"D:\\Jobs\\modsen\\internship\\first-test-task-2\\currency-tracker\\src\\components\\Modals\\Add\\Add.jsx": {"path":"D:\\Jobs\\modsen\\internship\\first-test-task-2\\currency-tracker\\src\\components\\Modals\\Add\\Add.jsx","statementMap":{"0":{"start":{"line":10,"column":4},"end":{"line":10,"column":16}},"1":{"start":{"line":11,"column":4},"end":{"line":18,"column":5}},"2":{"start":{"line":22,"column":4},"end":{"line":22,"column":60}},"3":{"start":{"line":25,"column":14},"end":{"line":54,"column":3}},"4":{"start":{"line":26,"column":4},"end":{"line":26,"column":22}},"5":{"start":{"line":27,"column":49},"end":{"line":27,"column":59}},"6":{"start":{"line":28,"column":22},"end":{"line":33,"column":5}},"7":{"start":{"line":34,"column":20},"end":{"line":34,"column":40}},"8":{"start":{"line":35,"column":4},"end":{"line":41,"column":5}},"9":{"start":{"line":42,"column":20},"end":{"line":42,"column":74}},"10":{"start":{"line":43,"column":4},"end":{"line":46,"column":6}},"11":{"start":{"line":47,"column":4},"end":{"line":53,"column":49}},"12":{"start":{"line":52,"column":26},"end":{"line":52,"column":34}},"13":{"start":{"line":53,"column":24},"end":{"line":53,"column":48}},"14":{"start":{"line":57,"column":46},"end":{"line":57,"column":56}},"15":{"start":{"line":59,"column":4},"end":{"line":61,"column":5}},"16":{"start":{"line":60,"column":6},"end":{"line":60,"column":67}},"17":{"start":{"line":63,"column":4},"end":{"line":124,"column":5}},"18":{"start":{"line":74,"column":14},"end":{"line":74,"column":53}},"19":{"start":{"line":87,"column":14},"end":{"line":87,"column":53}},"20":{"start":{"line":100,"column":14},"end":{"line":100,"column":54}},"21":{"start":{"line":113,"column":14},"end":{"line":113,"column":52}}},"fnMap":{"0":{"name":"(anonymous_0)","decl":{"start":{"line":9,"column":2},"end":{"line":9,"column":3}},"loc":{"start":{"line":9,"column":21},"end":{"line":19,"column":3}},"line":9},"1":{"name":"(anonymous_1)","decl":{"start":{"line":21,"column":2},"end":{"line":21,"column":3}},"loc":{"start":{"line":21,"column":22},"end":{"line":23,"column":3}},"line":21},"2":{"name":"(anonymous_2)","decl":{"start":{"line":25,"column":14},"end":{"line":25,"column":15}},"loc":{"start":{"line":25,"column":21},"end":{"line":54,"column":3}},"line":25},"3":{"name":"(anonymous_3)","decl":{"start":{"line":52,"column":12},"end":{"line":52,"column":13}},"loc":{"start":{"line":52,"column":26},"end":{"line":52,"column":34}},"line":52},"4":{"name":"(anonymous_4)","decl":{"start":{"line":53,"column":13},"end":{"line":53,"column":14}},"loc":{"start":{"line":53,"column":24},"end":{"line":53,"column":48}},"line":53},"5":{"name":"(anonymous_5)","decl":{"start":{"line":56,"column":2},"end":{"line":56,"column":3}},"loc":{"start":{"line":56,"column":11},"end":{"line":125,"column":3}},"line":56},"6":{"name":"(anonymous_6)","decl":{"start":{"line":73,"column":22},"end":{"line":73,"column":23}},"loc":{"start":{"line":73,"column":29},"end":{"line":75,"column":13}},"line":73},"7":{"name":"(anonymous_7)","decl":{"start":{"line":86,"column":22},"end":{"line":86,"column":23}},"loc":{"start":{"line":86,"column":29},"end":{"line":88,"column":13}},"line":86},"8":{"name":"(anonymous_8)","decl":{"start":{"line":99,"column":22},"end":{"line":99,"column":23}},"loc":{"start":{"line":99,"column":29},"end":{"line":101,"column":13}},"line":99},"9":{"name":"(anonymous_9)","decl":{"start":{"line":112,"column":22},"end":{"line":112,"column":23}},"loc":{"start":{"line":112,"column":29},"end":{"line":114,"column":13}},"line":112}},"branchMap":{"0":{"loc":{"start":{"line":59,"column":4},"end":{"line":61,"column":5}},"type":"if","locations":[{"start":{"line":59,"column":4},"end":{"line":61,"column":5}},{"start":{},"end":{}}],"line":59}},"s":{"0":4,"1":4,"2":4,"3":4,"4":1,"5":1,"6":1,"7":1,"8":1,"9":1,"10":1,"11":1,"12":1,"13":0,"14":16,"15":16,"16":0,"17":16,"18":2,"19":2,"20":2,"21":2},"f":{"0":4,"1":4,"2":1,"3":1,"4":0,"5":16,"6":2,"7":2,"8":2,"9":2},"b":{"0":[0,16]},"_coverageSchema":"1a1c01bbd47fc00a2c39e90264f33305004495a9","hash":"1aa880819c7a1e840b7cc4f2b226917cdf13cfae"}
,"D:\\Jobs\\modsen\\internship\\first-test-task-2\\currency-tracker\\src\\components\\Modals\\Converter\\Converter.jsx": {"path":"D:\\Jobs\\modsen\\internship\\first-test-task-2\\currency-tracker\\src\\components\\Modals\\Converter\\Converter.jsx","statementMap":{"0":{"start":{"line":9,"column":23},"end":{"line":9,"column":28}},"1":{"start":{"line":10,"column":16},"end":{"line":12,"column":21}},"2":{"start":{"line":14,"column":50},"end":{"line":14,"column":62}},"3":{"start":{"line":15,"column":30},"end":{"line":15,"column":41}},"4":{"start":{"line":16,"column":30},"end":{"line":16,"column":46}},"5":{"start":{"line":18,"column":2},"end":{"line":24,"column":32}},"6":{"start":{"line":19,"column":4},"end":{"line":23,"column":6}},"7":{"start":{"line":20,"column":6},"end":{"line":22,"column":7}},"8":{"start":{"line":21,"column":8},"end":{"line":21,"column":55}},"9":{"start":{"line":26,"column":26},"end":{"line":28,"column":3}},"10":{"start":{"line":27,"column":4},"end":{"line":27,"column":29}},"11":{"start":{"line":30,"column":33},"end":{"line":32,"column":3}},"12":{"start":{"line":31,"column":4},"end":{"line":31,"column":39}},"13":{"start":{"line":34,"column":2},"end":{"line":74,"column":3}},"14":{"start":{"line":61,"column":16},"end":{"line":65,"column":17}}},"fnMap":{"0":{"name":"Converter","decl":{"start":{"line":8,"column":9},"end":{"line":8,"column":18}},"loc":{"start":{"line":8,"column":26},"end":{"line":75,"column":1}},"line":8},"1":{"name":"(anonymous_1)","decl":{"start":{"line":18,"column":12},"end":{"line":18,"column":13}},"loc":{"start":{"line":18,"column":18},"end":{"line":24,"column":3}},"line":18},"2":{"name":"(anonymous_2)","decl":{"start":{"line":19,"column":18},"end":{"line":19,"column":19}},"loc":{"start":{"line":19,"column":28},"end":{"line":23,"column":5}},"line":19},"3":{"name":"(anonymous_3)","decl":{"start":{"line":26,"column":26},"end":{"line":26,"column":27}},"loc":{"start":{"line":26,"column":33},"end":{"line":28,"column":3}},"line":26},"4":{"name":"(anonymous_4)","decl":{"start":{"line":30,"column":33},"end":{"line":30,"column":34}},"loc":{"start":{"line":30,"column":40},"end":{"line":32,"column":3}},"line":30},"5":{"name":"(anonymous_5)","decl":{"start":{"line":60,"column":14},"end":{"line":60,"column":15}},"loc":{"start":{"line":61,"column":16},"end":{"line":65,"column":17}},"line":61}},"branchMap":{"0":{"loc":{"start":{"line":10,"column":16},"end":{"line":12,"column":21}},"type":"cond-expr","locations":[{"start":{"line":11,"column":6},"end":{"line":11,"column":47}},{"start":{"line":12,"column":6},"end":{"line":12,"column":21}}],"line":10},"1":{"loc":{"start":{"line":20,"column":6},"end":{"line":22,"column":7}},"type":"if","locations":[{"start":{"line":20,"column":6},"end":{"line":22,"column":7}},{"start":{},"end":{}}],"line":20},"2":{"loc":{"start":{"line":61,"column":16},"end":{"line":65,"column":17}},"type":"binary-expr","locations":[{"start":{"line":61,"column":16},"end":{"line":61,"column":43}},{"start":{"line":62,"column":18},"end":{"line":64,"column":27}}],"line":61}},"s":{"0":13,"1":13,"2":13,"3":13,"4":13,"5":13,"6":11,"7":11,"8":2,"9":13,"10":2,"11":13,"12":2,"13":13,"14":117},"f":{"0":13,"1":11,"2":11,"3":2,"4":2,"5":117},"b":{"0":[13,0],"1":[2,9],"2":[117,104]},"_coverageSchema":"1a1c01bbd47fc00a2c39e90264f33305004495a9","hash":"c292630c63787ab1a07569bde18e6907fc3300a7"}
,"D:\\Jobs\\modsen\\internship\\first-test-task-2\\currency-tracker\\src\\components\\Modals\\Edit\\Edit.jsx": {"path":"D:\\Jobs\\modsen\\internship\\first-test-task-2\\currency-tracker\\src\\components\\Modals\\Edit\\Edit.jsx","statementMap":{"0":{"start":{"line":10,"column":4},"end":{"line":10,"column":16}},"1":{"start":{"line":11,"column":4},"end":{"line":16,"column":5}},"2":{"start":{"line":20,"column":4},"end":{"line":23,"column":6}},"3":{"start":{"line":26,"column":15},"end":{"line":44,"column":3}},"4":{"start":{"line":27,"column":4},"end":{"line":27,"column":22}},"5":{"start":{"line":28,"column":39},"end":{"line":28,"column":49}},"6":{"start":{"line":29,"column":26},"end":{"line":36,"column":5}},"7":{"start":{"line":37,"column":4},"end":{"line":43,"column":49}},"8":{"start":{"line":42,"column":26},"end":{"line":42,"column":34}},"9":{"start":{"line":43,"column":24},"end":{"line":43,"column":48}},"10":{"start":{"line":46,"column":22},"end":{"line":61,"column":3}},"11":{"start":{"line":47,"column":29},"end":{"line":47,"column":39}},"12":{"start":{"line":48,"column":25},"end":{"line":51,"column":5}},"13":{"start":{"line":52,"column":23},"end":{"line":56,"column":5}},"14":{"start":{"line":57,"column":4},"end":{"line":59,"column":6}},"15":{"start":{"line":60,"column":4},"end":{"line":60,"column":47}},"16":{"start":{"line":63,"column":20},"end":{"line":65,"column":3}},"17":{"start":{"line":64,"column":4},"end":{"line":64,"column":46}},"18":{"start":{"line":68,"column":36},"end":{"line":68,"column":46}},"19":{"start":{"line":69,"column":4},"end":{"line":71,"column":5}},"20":{"start":{"line":70,"column":6},"end":{"line":70,"column":66}},"21":{"start":{"line":72,"column":4},"end":{"line":141,"column":5}}},"fnMap":{"0":{"name":"(anonymous_0)","decl":{"start":{"line":9,"column":2},"end":{"line":9,"column":3}},"loc":{"start":{"line":9,"column":21},"end":{"line":17,"column":3}},"line":9},"1":{"name":"(anonymous_1)","decl":{"start":{"line":19,"column":2},"end":{"line":19,"column":3}},"loc":{"start":{"line":19,"column":22},"end":{"line":24,"column":3}},"line":19},"2":{"name":"(anonymous_2)","decl":{"start":{"line":26,"column":15},"end":{"line":26,"column":16}},"loc":{"start":{"line":26,"column":22},"end":{"line":44,"column":3}},"line":26},"3":{"name":"(anonymous_3)","decl":{"start":{"line":42,"column":12},"end":{"line":42,"column":13}},"loc":{"start":{"line":42,"column":26},"end":{"line":42,"column":34}},"line":42},"4":{"name":"(anonymous_4)","decl":{"start":{"line":43,"column":13},"end":{"line":43,"column":14}},"loc":{"start":{"line":43,"column":24},"end":{"line":43,"column":48}},"line":43},"5":{"name":"(anonymous_5)","decl":{"start":{"line":46,"column":22},"end":{"line":46,"column":23}},"loc":{"start":{"line":46,"column":29},"end":{"line":61,"column":3}},"line":46},"6":{"name":"(anonymous_6)","decl":{"start":{"line":63,"column":20},"end":{"line":63,"column":21}},"loc":{"start":{"line":63,"column":27},"end":{"line":65,"column":3}},"line":63},"7":{"name":"(anonymous_7)","decl":{"start":{"line":67,"column":2},"end":{"line":67,"column":3}},"loc":{"start":{"line":67,"column":11},"end":{"line":142,"column":3}},"line":67}},"branchMap":{"0":{"loc":{"start":{"line":69,"column":4},"end":{"line":71,"column":5}},"type":"if","locations":[{"start":{"line":69,"column":4},"end":{"line":71,"column":5}},{"start":{},"end":{}}],"line":69},"1":{"loc":{"start":{"line":94,"column":19},"end":{"line":94,"column":56}},"type":"cond-expr","locations":[{"start":{"line":94,"column":34},"end":{"line":94,"column":51}},{"start":{"line":94,"column":54},"end":{"line":94,"column":56}}],"line":94},"2":{"loc":{"start":{"line":105,"column":19},"end":{"line":105,"column":56}},"type":"cond-expr","locations":[{"start":{"line":105,"column":34},"end":{"line":105,"column":51}},{"start":{"line":105,"column":54},"end":{"line":105,"column":56}}],"line":105},"3":{"loc":{"start":{"line":116,"column":19},"end":{"line":116,"column":57}},"type":"cond-expr","locations":[{"start":{"line":116,"column":34},"end":{"line":116,"column":52}},{"start":{"line":116,"column":55},"end":{"line":116,"column":57}}],"line":116},"4":{"loc":{"start":{"line":127,"column":19},"end":{"line":127,"column":55}},"type":"cond-expr","locations":[{"start":{"line":127,"column":34},"end":{"line":127,"column":50}},{"start":{"line":127,"column":53},"end":{"line":127,"column":55}}],"line":127}},"s":{"0":4,"1":3,"2":3,"3":3,"4":1,"5":1,"6":1,"7":1,"8":1,"9":0,"10":3,"11":4,"12":4,"13":4,"14":4,"15":4,"16":3,"17":1,"18":11,"19":11,"20":0,"21":11},"f":{"0":4,"1":3,"2":1,"3":1,"4":0,"5":4,"6":1,"7":11},"b":{"0":[0,11],"1":[2,9],"2":[2,9],"3":[2,9],"4":[2,9]},"_coverageSchema":"1a1c01bbd47fc00a2c39e90264f33305004495a9","hash":"c79ffa4ac1698e8abecef508f7f86d8f745a5dad"}
,"D:\\Jobs\\modsen\\internship\\first-test-task-2\\currency-tracker\\src\\components\\Modals\\Message\\Message.jsx": {"path":"D:\\Jobs\\modsen\\internship\\first-test-task-2\\currency-tracker\\src\\components\\Modals\\Message\\Message.jsx","statementMap":{"0":{"start":{"line":4,"column":2},"end":{"line":8,"column":3}}},"fnMap":{"0":{"name":"Message","decl":{"start":{"line":3,"column":9},"end":{"line":3,"column":16}},"loc":{"start":{"line":3,"column":19},"end":{"line":9,"column":1}},"line":3}},"branchMap":{},"s":{"0":1},"f":{"0":1},"b":{},"_coverageSchema":"1a1c01bbd47fc00a2c39e90264f33305004495a9","hash":"76077f87b50b29f0a31154ca4c87c25ed2036ec2"}
,"D:\\Jobs\\modsen\\internship\\first-test-task-2\\currency-tracker\\src\\components\\Modals\\Modal\\Modal.jsx": {"path":"D:\\Jobs\\modsen\\internship\\first-test-task-2\\currency-tracker\\src\\components\\Modals\\Modal\\Modal.jsx","statementMap":{"0":{"start":{"line":12,"column":43},"end":{"line":12,"column":48}},"1":{"start":{"line":13,"column":28},"end":{"line":17,"column":3}},"2":{"start":{"line":14,"column":4},"end":{"line":16,"column":5}},"3":{"start":{"line":15,"column":6},"end":{"line":15,"column":20}},"4":{"start":{"line":19,"column":2},"end":{"line":22,"column":8}},"5":{"start":{"line":20,"column":4},"end":{"line":20,"column":59}},"6":{"start":{"line":21,"column":4},"end":{"line":21,"column":75}},"7":{"start":{"line":21,"column":17},"end":{"line":21,"column":75}},"8":{"start":{"line":24,"column":2},"end":{"line":36,"column":3}},"9":{"start":{"line":27,"column":35},"end":{"line":27,"column":49}}},"fnMap":{"0":{"name":"Modal","decl":{"start":{"line":11,"column":9},"end":{"line":11,"column":14}},"loc":{"start":{"line":11,"column":22},"end":{"line":37,"column":1}},"line":11},"1":{"name":"(anonymous_1)","decl":{"start":{"line":13,"column":28},"end":{"line":13,"column":29}},"loc":{"start":{"line":13,"column":35},"end":{"line":17,"column":3}},"line":13},"2":{"name":"(anonymous_2)","decl":{"start":{"line":19,"column":12},"end":{"line":19,"column":13}},"loc":{"start":{"line":19,"column":18},"end":{"line":22,"column":3}},"line":19},"3":{"name":"(anonymous_3)","decl":{"start":{"line":21,"column":11},"end":{"line":21,"column":12}},"loc":{"start":{"line":21,"column":17},"end":{"line":21,"column":75}},"line":21},"4":{"name":"(anonymous_4)","decl":{"start":{"line":27,"column":29},"end":{"line":27,"column":30}},"loc":{"start":{"line":27,"column":35},"end":{"line":27,"column":49}},"line":27}},"branchMap":{"0":{"loc":{"start":{"line":14,"column":4},"end":{"line":16,"column":5}},"type":"if","locations":[{"start":{"line":14,"column":4},"end":{"line":16,"column":5}},{"start":{},"end":{}}],"line":14},"1":{"loc":{"start":{"line":29,"column":11},"end":{"line":29,"column":78}},"type":"binary-expr","locations":[{"start":{"line":29,"column":11},"end":{"line":29,"column":41}},{"start":{"line":29,"column":45},"end":{"line":29,"column":78}}],"line":29},"2":{"loc":{"start":{"line":30,"column":11},"end":{"line":30,"column":48}},"type":"binary-expr","locations":[{"start":{"line":30,"column":11},"end":{"line":30,"column":36}},{"start":{"line":30,"column":40},"end":{"line":30,"column":48}}],"line":30},"3":{"loc":{"start":{"line":31,"column":11},"end":{"line":31,"column":54}},"type":"binary-expr","locations":[{"start":{"line":31,"column":11},"end":{"line":31,"column":39}},{"start":{"line":31,"column":43},"end":{"line":31,"column":54}}],"line":31},"4":{"loc":{"start":{"line":32,"column":11},"end":{"line":32,"column":46}},"type":"binary-expr","locations":[{"start":{"line":32,"column":11},"end":{"line":32,"column":35}},{"start":{"line":32,"column":39},"end":{"line":32,"column":46}}],"line":32}},"s":{"0":6,"1":6,"2":1,"3":1,"4":6,"5":6,"6":6,"7":6,"8":6,"9":1},"f":{"0":6,"1":1,"2":6,"3":6,"4":1},"b":{"0":[1,0],"1":[6,3],"2":[6,1],"3":[6,1],"4":[6,1]},"_coverageSchema":"1a1c01bbd47fc00a2c39e90264f33305004495a9","hash":"26f57f8823373c554f1f2f0c5ea4ebc065111428"}
,"D:\\Jobs\\modsen\\internship\\first-test-task-2\\currency-tracker\\src\\constants\\constants.js": {"path":"D:\\Jobs\\modsen\\internship\\first-test-task-2\\currency-tracker\\src\\constants\\constants.js","statementMap":{"0":{"start":{"line":1,"column":30},"end":{"line":1,"column":39}},"1":{"start":{"line":3,"column":22},"end":{"line":3,"column":27}},"2":{"start":{"line":5,"column":22},"end":{"line":8,"column":1}},"3":{"start":{"line":10,"column":27},"end":{"line":15,"column":1}},"4":{"start":{"line":17,"column":37},"end":{"line":27,"column":1}},"5":{"start":{"line":29,"column":38},"end":{"line":39,"column":1}},"6":{"start":{"line":41,"column":36},"end":{"line":44,"column":1}},"7":{"start":{"line":46,"column":21},"end":{"line":163,"column":1}},"8":{"start":{"line":165,"column":21},"end":{"line":170,"column":1}},"9":{"start":{"line":172,"column":20},"end":{"line":177,"column":1}},"10":{"start":{"line":179,"column":33},"end":{"line":179,"column":66}},"11":{"start":{"line":181,"column":31},"end":{"line":218,"column":1}},"12":{"start":{"line":220,"column":28},"end":{"line":220,"column":30}},"13":{"start":{"line":222,"column":28},"end":{"line":222,"column":37}}},"fnMap":{},"branchMap":{},"s":{"0":6,"1":6,"2":6,"3":6,"4":6,"5":6,"6":6,"7":6,"8":6,"9":6,"10":6,"11":6,"12":6,"13":6},"f":{},"b":{},"_coverageSchema":"1a1c01bbd47fc00a2c39e90264f33305004495a9","hash":"dd4ee03dbf0c968b899a2f50f1a7aa11aaad17a4"}
,"D:\\Jobs\\modsen\\internship\\first-test-task-2\\currency-tracker\\src\\constants\\icons.jsx": {"path":"D:\\Jobs\\modsen\\internship\\first-test-task-2\\currency-tracker\\src\\constants\\icons.jsx","statementMap":{"0":{"start":{"line":11,"column":14},"end":{"line":21,"column":1}},"1":{"start":{"line":12,"column":18},"end":{"line":12,"column":49}},"2":{"start":{"line":13,"column":18},"end":{"line":13,"column":40}},"3":{"start":{"line":14,"column":18},"end":{"line":14,"column":47}},"4":{"start":{"line":15,"column":18},"end":{"line":15,"column":39}},"5":{"start":{"line":16,"column":18},"end":{"line":16,"column":37}},"6":{"start":{"line":17,"column":18},"end":{"line":17,"column":38}},"7":{"start":{"line":18,"column":18},"end":{"line":18,"column":46}},"8":{"start":{"line":19,"column":18},"end":{"line":19,"column":36}},"9":{"start":{"line":20,"column":18},"end":{"line":20,"column":36}}},"fnMap":{"0":{"name":"(anonymous_0)","decl":{"start":{"line":12,"column":7},"end":{"line":12,"column":8}},"loc":{"start":{"line":12,"column":18},"end":{"line":12,"column":49}},"line":12},"1":{"name":"(anonymous_1)","decl":{"start":{"line":13,"column":7},"end":{"line":13,"column":8}},"loc":{"start":{"line":13,"column":18},"end":{"line":13,"column":40}},"line":13},"2":{"name":"(anonymous_2)","decl":{"start":{"line":14,"column":7},"end":{"line":14,"column":8}},"loc":{"start":{"line":14,"column":18},"end":{"line":14,"column":47}},"line":14},"3":{"name":"(anonymous_3)","decl":{"start":{"line":15,"column":7},"end":{"line":15,"column":8}},"loc":{"start":{"line":15,"column":18},"end":{"line":15,"column":39}},"line":15},"4":{"name":"(anonymous_4)","decl":{"start":{"line":16,"column":7},"end":{"line":16,"column":8}},"loc":{"start":{"line":16,"column":18},"end":{"line":16,"column":37}},"line":16},"5":{"name":"(anonymous_5)","decl":{"start":{"line":17,"column":7},"end":{"line":17,"column":8}},"loc":{"start":{"line":17,"column":18},"end":{"line":17,"column":38}},"line":17},"6":{"name":"(anonymous_6)","decl":{"start":{"line":18,"column":7},"end":{"line":18,"column":8}},"loc":{"start":{"line":18,"column":18},"end":{"line":18,"column":46}},"line":18},"7":{"name":"(anonymous_7)","decl":{"start":{"line":19,"column":7},"end":{"line":19,"column":8}},"loc":{"start":{"line":19,"column":18},"end":{"line":19,"column":36}},"line":19},"8":{"name":"(anonymous_8)","decl":{"start":{"line":20,"column":7},"end":{"line":20,"column":8}},"loc":{"start":{"line":20,"column":18},"end":{"line":20,"column":36}},"line":20}},"branchMap":{},"s":{"0":2,"1":4,"2":1,"3":1,"4":1,"5":1,"6":1,"7":1,"8":1,"9":1},"f":{"0":4,"1":1,"2":1,"3":1,"4":1,"5":1,"6":1,"7":1,"8":1},"b":{},"_coverageSchema":"1a1c01bbd47fc00a2c39e90264f33305004495a9","hash":"92ead7bfd95bdbf5820ee7977191860d7b3c4aea"}
,"D:\\Jobs\\modsen\\internship\\first-test-task-2\\currency-tracker\\src\\pages\\Home\\Home.config.js": {"path":"D:\\Jobs\\modsen\\internship\\first-test-task-2\\currency-tracker\\src\\pages\\Home\\Home.config.js","statementMap":{"0":{"start":{"line":3,"column":49},"end":{"line":12,"column":1}},"1":{"start":{"line":4,"column":27},"end":{"line":4,"column":56}},"2":{"start":{"line":5,"column":2},"end":{"line":7,"column":3}},"3":{"start":{"line":6,"column":4},"end":{"line":6,"column":39}},"4":{"start":{"line":8,"column":2},"end":{"line":10,"column":3}},"5":{"start":{"line":9,"column":4},"end":{"line":9,"column":26}},"6":{"start":{"line":11,"column":2},"end":{"line":11,"column":11}}},"fnMap":{"0":{"name":"(anonymous_0)","decl":{"start":{"line":3,"column":49},"end":{"line":3,"column":50}},"loc":{"start":{"line":3,"column":55},"end":{"line":12,"column":1}},"line":3}},"branchMap":{"0":{"loc":{"start":{"line":5,"column":2},"end":{"line":7,"column":3}},"type":"if","locations":[{"start":{"line":5,"column":2},"end":{"line":7,"column":3}},{"start":{},"end":{}}],"line":5},"1":{"loc":{"start":{"line":5,"column":6},"end":{"line":5,"column":49}},"type":"binary-expr","locations":[{"start":{"line":5,"column":6},"end":{"line":5,"column":30}},{"start":{"line":5,"column":34},"end":{"line":5,"column":49}}],"line":5},"2":{"loc":{"start":{"line":8,"column":2},"end":{"line":10,"column":3}},"type":"if","locations":[{"start":{"line":8,"column":2},"end":{"line":10,"column":3}},{"start":{},"end":{}}],"line":8}},"s":{"0":1,"1":2,"2":2,"3":0,"4":2,"5":0,"6":2},"f":{"0":2},"b":{"0":[0,2],"1":[2,0],"2":[0,2]},"_coverageSchema":"1a1c01bbd47fc00a2c39e90264f33305004495a9","hash":"e990af02ed491a6ff4fc7238fca4aa33796eb97e"}
,"D:\\Jobs\\modsen\\internship\\first-test-task-2\\currency-tracker\\src\\pages\\Home\\Home.jsx": {"path":"D:\\Jobs\\modsen\\internship\\first-test-task-2\\currency-tracker\\src\\pages\\Home\\Home.jsx","statementMap":{"0":{"start":{"line":17,"column":28},"end":{"line":17,"column":63}},"1":{"start":{"line":19,"column":48},"end":{"line":21,"column":3}},"2":{"start":{"line":22,"column":40},"end":{"line":24,"column":3}},"3":{"start":{"line":25,"column":40},"end":{"line":25,"column":73}},"4":{"start":{"line":26,"column":26},"end":{"line":26,"column":41}},"5":{"start":{"line":27,"column":28},"end":{"line":27,"column":40}},"6":{"start":{"line":29,"column":22},"end":{"line":31,"column":8}},"7":{"start":{"line":30,"column":4},"end":{"line":30,"column":39}},"8":{"start":{"line":33,"column":17},"end":{"line":35,"column":8}},"9":{"start":{"line":34,"column":4},"end":{"line":34,"column":20}},"10":{"start":{"line":37,"column":2},"end":{"line":70,"column":8}},"11":{"start":{"line":38,"column":4},"end":{"line":69,"column":5}},"12":{"start":{"line":42,"column":6},"end":{"line":68,"column":56}},"13":{"start":{"line":49,"column":10},"end":{"line":49,"column":36}},"14":{"start":{"line":50,"column":36},"end":{"line":62,"column":51}},"15":{"start":{"line":52,"column":14},"end":{"line":60,"column":22}},"16":{"start":{"line":62,"column":34},"end":{"line":62,"column":50}},"17":{"start":{"line":63,"column":10},"end":{"line":63,"column":47}},"18":{"start":{"line":64,"column":10},"end":{"line":64,"column":74}},"19":{"start":{"line":65,"column":10},"end":{"line":65,"column":74}},"20":{"start":{"line":66,"column":10},"end":{"line":66,"column":21}},"21":{"start":{"line":68,"column":33},"end":{"line":68,"column":55}},"22":{"start":{"line":72,"column":2},"end":{"line":74,"column":3}},"23":{"start":{"line":73,"column":4},"end":{"line":73,"column":65}},"24":{"start":{"line":76,"column":2},"end":{"line":105,"column":3}},"25":{"start":{"line":93,"column":14},"end":{"line":99,"column":16}}},"fnMap":{"0":{"name":"Home","decl":{"start":{"line":16,"column":9},"end":{"line":16,"column":13}},"loc":{"start":{"line":16,"column":16},"end":{"line":106,"column":1}},"line":16},"1":{"name":"(anonymous_1)","decl":{"start":{"line":29,"column":34},"end":{"line":29,"column":35}},"loc":{"start":{"line":29,"column":59},"end":{"line":31,"column":3}},"line":29},"2":{"name":"(anonymous_2)","decl":{"start":{"line":33,"column":29},"end":{"line":33,"column":30}},"loc":{"start":{"line":33,"column":42},"end":{"line":35,"column":3}},"line":33},"3":{"name":"(anonymous_3)","decl":{"start":{"line":37,"column":12},"end":{"line":37,"column":13}},"loc":{"start":{"line":37,"column":18},"end":{"line":70,"column":3}},"line":37},"4":{"name":"(anonymous_4)","decl":{"start":{"line":48,"column":14},"end":{"line":48,"column":15}},"loc":{"start":{"line":48,"column":28},"end":{"line":67,"column":9}},"line":48},"5":{"name":"(anonymous_5)","decl":{"start":{"line":51,"column":17},"end":{"line":51,"column":18}},"loc":{"start":{"line":52,"column":14},"end":{"line":60,"column":22}},"line":52},"6":{"name":"(anonymous_6)","decl":{"start":{"line":62,"column":20},"end":{"line":62,"column":21}},"loc":{"start":{"line":62,"column":34},"end":{"line":62,"column":50}},"line":62},"7":{"name":"(anonymous_7)","decl":{"start":{"line":68,"column":15},"end":{"line":68,"column":16}},"loc":{"start":{"line":68,"column":33},"end":{"line":68,"column":55}},"line":68},"8":{"name":"(anonymous_8)","decl":{"start":{"line":92,"column":33},"end":{"line":92,"column":34}},"loc":{"start":{"line":93,"column":14},"end":{"line":99,"column":16}},"line":93}},"branchMap":{"0":{"loc":{"start":{"line":23,"column":4},"end":{"line":23,"column":65}},"type":"cond-expr","locations":[{"start":{"line":23,"column":32},"end":{"line":23,"column":61}},{"start":{"line":23,"column":64},"end":{"line":23,"column":65}}],"line":23},"1":{"loc":{"start":{"line":38,"column":4},"end":{"line":69,"column":5}},"type":"if","locations":[{"start":{"line":38,"column":4},"end":{"line":69,"column":5}},{"start":{},"end":{}}],"line":38},"2":{"loc":{"start":{"line":39,"column":6},"end":{"line":40,"column":55}},"type":"binary-expr","locations":[{"start":{"line":39,"column":6},"end":{"line":39,"column":53}},{"start":{"line":40,"column":7},"end":{"line":40,"column":35}},{"start":{"line":40,"column":39},"end":{"line":40,"column":54}}],"line":39},"3":{"loc":{"start":{"line":52,"column":14},"end":{"line":60,"column":22}},"type":"cond-expr","locations":[{"start":{"line":53,"column":18},"end":{"line":59,"column":19}},{"start":{"line":60,"column":18},"end":{"line":60,"column":22}}],"line":52},"4":{"loc":{"start":{"line":55,"column":22},"end":{"line":57,"column":63}},"type":"cond-expr","locations":[{"start":{"line":56,"column":26},"end":{"line":56,"column":74}},{"start":{"line":57,"column":26},"end":{"line":57,"column":63}}],"line":55},"5":{"loc":{"start":{"line":72,"column":2},"end":{"line":74,"column":3}},"type":"if","locations":[{"start":{"line":72,"column":2},"end":{"line":74,"column":3}},{"start":{},"end":{}}],"line":72},"6":{"loc":{"start":{"line":78,"column":7},"end":{"line":87,"column":14}},"type":"cond-expr","locations":[{"start":{"line":79,"column":10},"end":{"line":86,"column":11}},{"start":{"line":87,"column":10},"end":{"line":87,"column":14}}],"line":78}},"s":{"0":2,"1":2,"2":2,"3":2,"4":2,"5":2,"6":2,"7":0,"8":2,"9":0,"10":2,"11":2,"12":2,"13":0,"14":0,"15":0,"16":0,"17":0,"18":0,"19":0,"20":0,"21":0,"22":2,"23":0,"24":2,"25":0},"f":{"0":2,"1":0,"2":0,"3":2,"4":0,"5":0,"6":0,"7":0,"8":0},"b":{"0":[0,2],"1":[2,0],"2":[2,0,0],"3":[0,0],"4":[0,0],"5":[0,2],"6":[0,2]},"_coverageSchema":"1a1c01bbd47fc00a2c39e90264f33305004495a9","hash":"d5ab53c2f4fa786c1646bcf732e0d3a00336da40"}
,"D:\\Jobs\\modsen\\internship\\first-test-task-2\\currency-tracker\\src\\utils\\TimelineObservable.js": {"path":"D:\\Jobs\\modsen\\internship\\first-test-task-2\\currency-tracker\\src\\utils\\TimelineObservable.js","statementMap":{"0":{"start":{"line":5,"column":4},"end":{"line":5,"column":56}},"1":{"start":{"line":6,"column":4},"end":{"line":6,"column":21}},"2":{"start":{"line":7,"column":4},"end":{"line":7,"column":23}},"3":{"start":{"line":11,"column":4},"end":{"line":11,"column":33}},"4":{"start":{"line":15,"column":4},"end":{"line":17,"column":5}},"5":{"start":{"line":16,"column":6},"end":{"line":16,"column":30}},"6":{"start":{"line":18,"column":4},"end":{"line":20,"column":5}},"7":{"start":{"line":19,"column":6},"end":{"line":19,"column":28}},"8":{"start":{"line":21,"column":4},"end":{"line":21,"column":63}},"9":{"start":{"line":21,"column":41},"end":{"line":21,"column":62}}},"fnMap":{"0":{"name":"(anonymous_0)","decl":{"start":{"line":4,"column":2},"end":{"line":4,"column":3}},"loc":{"start":{"line":4,"column":16},"end":{"line":8,"column":3}},"line":4},"1":{"name":"(anonymous_1)","decl":{"start":{"line":10,"column":2},"end":{"line":10,"column":3}},"loc":{"start":{"line":10,"column":22},"end":{"line":12,"column":3}},"line":10},"2":{"name":"(anonymous_2)","decl":{"start":{"line":14,"column":2},"end":{"line":14,"column":3}},"loc":{"start":{"line":14,"column":28},"end":{"line":22,"column":3}},"line":14},"3":{"name":"(anonymous_3)","decl":{"start":{"line":21,"column":27},"end":{"line":21,"column":28}},"loc":{"start":{"line":21,"column":41},"end":{"line":21,"column":62}},"line":21}},"branchMap":{"0":{"loc":{"start":{"line":15,"column":4},"end":{"line":17,"column":5}},"type":"if","locations":[{"start":{"line":15,"column":4},"end":{"line":17,"column":5}},{"start":{},"end":{}}],"line":15},"1":{"loc":{"start":{"line":18,"column":4},"end":{"line":20,"column":5}},"type":"if","locations":[{"start":{"line":18,"column":4},"end":{"line":20,"column":5}},{"start":{},"end":{}}],"line":18}},"s":{"0":4,"1":4,"2":4,"3":0,"4":5,"5":0,"6":5,"7":5,"8":5,"9":0},"f":{"0":4,"1":0,"2":5,"3":0},"b":{"0":[0,5],"1":[5,0]},"_coverageSchema":"1a1c01bbd47fc00a2c39e90264f33305004495a9","hash":"051453545ac0ecb4f9562d2502f449dc99fceb80"}
}
