TN:
SF:src\assets\images\australianDollar.svg
FN:3,SvgAustralianDollar
FNF:1
FNH:1
FNDA:4,SvgAustralianDollar
DA:2,2
DA:4,4
DA:9,2
LF:3
LH:3
BRF:0
BRH:0
end_of_record
TN:
SF:src\assets\images\bitcoin.svg
FN:3,SvgBitcoin
FNF:1
FNH:1
FNDA:1,SvgBitcoin
DA:2,2
DA:4,1
DA:9,2
LF:3
LH:3
BRF:0
BRH:0
end_of_record
TN:
SF:src\assets\images\canadianDollar.svg
FN:3,SvgCanadianDollar
FNF:1
FNH:1
FNDA:1,SvgCanadianDollar
DA:2,2
DA:4,1
DA:9,2
LF:3
LH:3
BRF:0
BRH:0
end_of_record
TN:
SF:src\assets\images\dollar.svg
FN:3,SvgDollar
FNF:1
FNH:1
FNDA:1,SvgDollar
DA:2,2
DA:4,1
DA:9,2
LF:3
LH:3
BRF:0
BRH:0
end_of_record
TN:
SF:src\assets\images\euro.svg
FN:3,SvgEuro
FNF:1
FNH:1
FNDA:1,SvgEuro
DA:2,2
DA:4,1
DA:9,2
LF:3
LH:3
BRF:0
BRH:0
end_of_record
TN:
SF:src\assets\images\libra.svg
FN:3,SvgLibra
FNF:1
FNH:1
FNDA:1,SvgLibra
DA:2,2
DA:4,1
DA:9,2
LF:3
LH:3
BRF:0
BRH:0
end_of_record
TN:
SF:src\assets\images\pesoArgentino.svg
FN:3,SvgPesoArgentino
FNF:1
FNH:1
FNDA:1,SvgPesoArgentino
DA:2,2
DA:4,1
DA:9,2
LF:3
LH:3
BRF:0
BRH:0
end_of_record
TN:
SF:src\assets\images\won.svg
FN:3,SvgWon
FNF:1
FNH:1
FNDA:1,SvgWon
DA:2,2
DA:4,1
DA:9,2
LF:3
LH:3
BRF:0
BRH:0
end_of_record
TN:
SF:src\assets\images\yen.svg
FN:3,SvgYen
FNF:1
FNH:1
FNDA:1,SvgYen
DA:2,2
DA:4,1
DA:9,2
LF:3
LH:3
BRF:0
BRH:0
end_of_record
TN:
SF:src\components\Core\ConversionResult\ConversionResult.config.js
FNF:0
FNH:0
DA:2,4
LF:1
LH:1
BRF:0
BRH:0
end_of_record
TN:
SF:src\components\Core\ConversionResult\ConversionResult.jsx
FN:4,ConversionResult
FNF:1
FNH:1
FNDA:19,ConversionResult
DA:5,19
DA:6,4
DA:8,15
LF:3
LH:3
BRDA:5,0,0,4
BRDA:5,0,1,15
BRDA:15,1,0,11
BRDA:15,1,1,4
BRDA:15,2,0,0
BRDA:15,2,1,4
BRF:6
BRH:5
end_of_record
TN:
SF:src\components\Core\Cross\Cross.jsx
FN:3,Cross
FNF:1
FNH:1
FNDA:9,Cross
DA:4,9
DA:5,9
LF:2
LH:2
BRF:0
BRH:0
end_of_record
TN:
SF:src\components\Core\ErrorBoundary\ErrorBoundary.jsx
FN:6,(anonymous_0)
FN:11,(anonymous_1)
FN:15,(anonymous_2)
FN:19,(anonymous_3)
FNF:4
FNH:2
FNDA:7,(anonymous_0)
FNDA:0,(anonymous_1)
FNDA:0,(anonymous_2)
FNDA:13,(anonymous_3)
DA:7,7
DA:8,7
DA:12,0
DA:15,7
DA:16,0
DA:20,13
DA:21,13
DA:22,13
DA:23,13
DA:25,0
LF:10
LH:7
BRDA:22,0,0,13
BRDA:22,0,1,0
BRF:2
BRH:1
end_of_record
TN:
SF:src\components\Core\ErrorFallback\ErrorFallback.jsx
FN:3,ErrorFallback
FNF:1
FNH:1
FNDA:4,ErrorFallback
DA:4,4
LF:1
LH:1
BRDA:7,0,0,4
BRDA:7,0,1,2
BRF:2
BRH:2
end_of_record
TN:
SF:src\components\Home\CurrencyCard\CurrencyCard.jsx
FN:7,(anonymous_0)
FN:9,(anonymous_1)
FNF:2
FNH:2
FNDA:12,(anonymous_0)
FNDA:1,(anonymous_1)
DA:7,2
DA:8,12
DA:9,12
DA:10,1
DA:11,1
DA:13,12
LF:6
LH:6
BRF:0
BRH:0
end_of_record
TN:
SF:src\components\Modals\Add\Add.jsx
FN:9,(anonymous_0)
FN:21,(anonymous_1)
FN:25,(anonymous_2)
FN:52,(anonymous_3)
FN:53,(anonymous_4)
FN:56,(anonymous_5)
FN:74,(anonymous_6)
FN:89,(anonymous_7)
FN:104,(anonymous_8)
FN:119,(anonymous_9)
FNF:10
FNH:9
FNDA:4,(anonymous_0)
FNDA:4,(anonymous_1)
FNDA:1,(anonymous_2)
FNDA:1,(anonymous_3)
FNDA:0,(anonymous_4)
FNDA:16,(anonymous_5)
FNDA:2,(anonymous_6)
FNDA:2,(anonymous_7)
FNDA:2,(anonymous_8)
FNDA:2,(anonymous_9)
DA:10,4
DA:11,4
DA:22,4
DA:25,4
DA:26,1
DA:27,1
DA:28,1
DA:34,1
DA:35,1
DA:42,1
DA:43,1
DA:47,1
DA:52,1
DA:53,0
DA:57,16
DA:59,16
DA:60,0
DA:63,16
DA:75,2
DA:90,2
DA:105,2
DA:120,2
LF:22
LH:20
BRDA:59,0,0,0
BRDA:59,0,1,16
BRF:2
BRH:1
end_of_record
TN:
SF:src\components\Modals\Converter\Converter.jsx
FN:8,Converter
FN:18,(anonymous_1)
FN:19,(anonymous_2)
FN:26,(anonymous_3)
FN:30,(anonymous_4)
FN:64,(anonymous_5)
FNF:6
FNH:6
FNDA:13,Converter
FNDA:11,(anonymous_1)
FNDA:11,(anonymous_2)
FNDA:2,(anonymous_3)
FNDA:2,(anonymous_4)
FNDA:117,(anonymous_5)
DA:9,13
DA:10,13
DA:14,13
DA:15,13
DA:16,13
DA:18,13
DA:19,11
DA:20,11
DA:21,2
DA:26,13
DA:27,2
DA:30,13
DA:31,2
DA:34,13
DA:65,117
LF:15
LH:15
BRDA:10,0,0,13
BRDA:10,0,1,0
BRDA:20,1,0,2
BRDA:20,1,1,9
BRDA:65,2,0,117
BRDA:65,2,1,104
BRF:6
BRH:5
end_of_record
TN:
SF:src\components\Modals\Edit\Edit.jsx
FN:9,(anonymous_0)
FN:19,(anonymous_1)
FN:26,(anonymous_2)
FN:42,(anonymous_3)
FN:43,(anonymous_4)
FN:46,(anonymous_5)
FN:63,(anonymous_6)
FN:67,(anonymous_7)
FNF:8
FNH:7
FNDA:4,(anonymous_0)
FNDA:3,(anonymous_1)
FNDA:1,(anonymous_2)
FNDA:1,(anonymous_3)
FNDA:0,(anonymous_4)
FNDA:4,(anonymous_5)
FNDA:1,(anonymous_6)
FNDA:11,(anonymous_7)
DA:10,4
DA:11,3
DA:20,3
DA:26,3
DA:27,1
DA:28,1
DA:29,1
DA:37,1
DA:42,1
DA:43,0
DA:46,3
DA:47,4
DA:48,4
DA:52,4
DA:57,4
DA:60,4
DA:63,3
DA:64,1
DA:68,11
DA:69,11
DA:70,0
DA:72,11
LF:22
LH:20
BRDA:69,0,0,0
BRDA:69,0,1,11
BRDA:101,1,0,2
BRDA:101,1,1,9
BRDA:114,2,0,2
BRDA:114,2,1,9
BRDA:127,3,0,2
BRDA:127,3,1,9
BRDA:140,4,0,2
BRDA:140,4,1,9
BRF:10
BRH:9
end_of_record
TN:
SF:src\components\Modals\Message\Message.jsx
FN:3,Message
FNF:1
FNH:1
FNDA:1,Message
DA:4,1
LF:1
LH:1
BRF:0
BRH:0
end_of_record
TN:
SF:src\components\Modals\Modal\Modal.jsx
FN:11,Modal
FN:13,(anonymous_1)
FN:19,(anonymous_2)
FN:21,(anonymous_3)
FN:27,(anonymous_4)
FNF:5
FNH:5
FNDA:6,Modal
FNDA:1,(anonymous_1)
FNDA:6,(anonymous_2)
FNDA:6,(anonymous_3)
FNDA:1,(anonymous_4)
DA:12,6
DA:13,6
DA:14,1
DA:15,1
DA:19,6
DA:20,6
DA:21,6
DA:24,6
DA:27,1
LF:9
LH:9
BRDA:14,0,0,1
BRDA:14,0,1,0
BRDA:29,1,0,6
BRDA:29,1,1,3
BRDA:30,2,0,6
BRDA:30,2,1,1
BRDA:31,3,0,6
BRDA:31,3,1,1
BRDA:32,4,0,6
BRDA:32,4,1,1
BRF:10
BRH:9
end_of_record
TN:
SF:src\constants\constants.js
FNF:0
FNH:0
DA:1,6
DA:3,6
DA:5,6
DA:10,6
DA:17,6
DA:29,6
DA:41,6
DA:46,6
DA:165,6
DA:172,6
DA:179,6
DA:181,6
DA:220,6
DA:222,6
LF:14
LH:14
BRF:0
BRH:0
end_of_record
TN:
SF:src\constants\icons.jsx
FN:12,(anonymous_0)
FN:13,(anonymous_1)
FN:14,(anonymous_2)
FN:15,(anonymous_3)
FN:16,(anonymous_4)
FN:17,(anonymous_5)
FN:18,(anonymous_6)
FN:19,(anonymous_7)
FN:20,(anonymous_8)
FNF:9
FNH:9
FNDA:4,(anonymous_0)
FNDA:1,(anonymous_1)
FNDA:1,(anonymous_2)
FNDA:1,(anonymous_3)
FNDA:1,(anonymous_4)
FNDA:1,(anonymous_5)
FNDA:1,(anonymous_6)
FNDA:1,(anonymous_7)
FNDA:1,(anonymous_8)
DA:11,2
DA:12,4
DA:13,1
DA:14,1
DA:15,1
DA:16,1
DA:17,1
DA:18,1
DA:19,1
DA:20,1
LF:10
LH:10
BRF:0
BRH:0
end_of_record
TN:
SF:src\pages\Home\Home.config.js
FN:3,(anonymous_0)
FNF:1
FNH:1
FNDA:2,(anonymous_0)
DA:3,1
DA:4,2
DA:5,2
DA:6,0
DA:8,2
DA:9,0
DA:11,2
LF:7
LH:5
BRDA:5,0,0,0
BRDA:5,0,1,2
BRDA:5,1,0,2
BRDA:5,1,1,0
BRDA:8,2,0,0
BRDA:8,2,1,2
BRF:6
BRH:3
end_of_record
TN:
SF:src\pages\Home\Home.jsx
FN:16,Home
FN:29,(anonymous_1)
FN:33,(anonymous_2)
FN:37,(anonymous_3)
FN:48,(anonymous_4)
FN:51,(anonymous_5)
FN:62,(anonymous_6)
FN:68,(anonymous_7)
FN:92,(anonymous_8)
FNF:9
FNH:2
FNDA:2,Home
FNDA:0,(anonymous_1)
FNDA:0,(anonymous_2)
FNDA:2,(anonymous_3)
FNDA:0,(anonymous_4)
FNDA:0,(anonymous_5)
FNDA:0,(anonymous_6)
FNDA:0,(anonymous_7)
FNDA:0,(anonymous_8)
DA:17,2
DA:19,2
DA:22,2
DA:25,2
DA:26,2
DA:27,2
DA:29,2
DA:30,0
DA:33,2
DA:34,0
DA:37,2
DA:38,2
DA:42,2
DA:49,0
DA:50,0
DA:52,0
DA:62,0
DA:63,0
DA:64,0
DA:65,0
DA:66,0
DA:68,0
DA:72,2
DA:73,0
DA:76,2
DA:93,0
LF:26
LH:13
BRDA:23,0,0,0
BRDA:23,0,1,2
BRDA:38,1,0,2
BRDA:38,1,1,0
BRDA:39,2,0,2
BRDA:39,2,1,0
BRDA:39,2,2,0
BRDA:52,3,0,0
BRDA:52,3,1,0
BRDA:55,4,0,0
BRDA:55,4,1,0
BRDA:72,5,0,0
BRDA:72,5,1,2
BRDA:78,6,0,0
BRDA:78,6,1,2
BRF:15
BRH:5
end_of_record
TN:
SF:src\utils\TimelineObservable.js
FN:4,(anonymous_0)
FN:10,(anonymous_1)
FN:14,(anonymous_2)
FN:21,(anonymous_3)
FNF:4
FNH:2
FNDA:4,(anonymous_0)
FNDA:0,(anonymous_1)
FNDA:5,(anonymous_2)
FNDA:0,(anonymous_3)
DA:5,4
DA:6,4
DA:7,4
DA:11,0
DA:15,5
DA:16,0
DA:18,5
DA:19,5
DA:21,5
LF:9
LH:7
BRDA:15,0,0,0
BRDA:15,0,1,5
BRDA:18,1,0,5
BRDA:18,1,1,0
BRF:4
BRH:2
end_of_record
